{"timestamp":"2026-02-09T20:39:51.715825Z","level":"info","event":"DAG bundles loaded: dags-folder, example_dags","logger":"airflow.dag_processing.bundles.manager.DagBundlesManager","filename":"manager.py","lineno":179}
{"timestamp":"2026-02-09T20:39:51.722615Z","level":"info","event":"Filling up the DagBag from /opt/airflow/dags/function_dag.py","logger":"airflow.models.dagbag.BundleDagBag","filename":"dagbag.py","lineno":593}
{"timestamp":"2026-02-09T20:40:40.305931Z","level":"error","event":"Process timed out, PID: 113","logger":"airflow.models.dagbag","filename":"dagbag.py","lineno":134}
{"timestamp":"2026-02-09T20:40:40.385802Z","level":"error","event":"Exception ignored in: <function WeakKeyDictionary.__init__.<locals>.remove at 0xffff8af942c0>","logger":"task.stderr"}
{"timestamp":"2026-02-09T20:40:40.467782Z","level":"error","event":"Traceback (most recent call last):","logger":"task.stderr"}
{"timestamp":"2026-02-09T20:40:40.471804Z","level":"error","event":"  File \"/usr/python/lib/python3.12/weakref.py\", line 369, in remove","logger":"task.stderr"}
{"timestamp":"2026-02-09T20:40:40.474785Z","level":"error","event":"    def remove(k, selfref=ref(self)):","logger":"task.stderr"}
{"timestamp":"2026-02-09T20:40:40.475048Z","level":"error","event":"","logger":"task.stderr"}
{"timestamp":"2026-02-09T20:40:40.475198Z","level":"error","event":"  File \"/home/airflow/.local/lib/python3.12/site-packages/airflow/models/dagbag.py\", line 135, in handle_timeout","logger":"task.stderr"}
{"timestamp":"2026-02-09T20:40:40.475376Z","level":"error","event":"    raise AirflowTaskTimeout(error_message)","logger":"task.stderr"}
{"timestamp":"2026-02-09T20:40:40.475512Z","level":"error","event":"airflow.exceptions.AirflowTaskTimeout: DagBag import timeout for /opt/airflow/dags/function_dag.py after 30.0s.","logger":"task.stderr"}
{"timestamp":"2026-02-09T20:40:40.475651Z","level":"error","event":"Please take a look at these docs to improve your DAG import time:","logger":"task.stderr"}
{"timestamp":"2026-02-09T20:40:40.475767Z","level":"error","event":"* https://airflow.apache.org/docs/apache-airflow/3.1.7/best-practices.html#top-level-python-code","logger":"task.stderr"}
{"timestamp":"2026-02-09T20:40:40.475858Z","level":"error","event":"* https://airflow.apache.org/docs/apache-airflow/3.1.7/best-practices.html#reducing-dag-complexity, PID: 113","logger":"task.stderr"}
{"timestamp":"2026-02-09T20:40:43.578875Z","level":"warning","event":"The `airflow.operators.python.PythonOperator` attribute is deprecated. Please use `'airflow.providers.standard.operators.python.PythonOperator'`.","category":"DeprecatedImportWarning","filename":"/opt/airflow/dags/function_dag.py","lineno":5,"logger":"py.warnings"}
{"timestamp":"2026-02-09T20:40:43.968348Z","level":"info","event":"Task instance is in running state","logger":"task.stdout"}
{"timestamp":"2026-02-09T20:40:43.969822Z","level":"info","event":" Previous state of the Task instance: TaskInstanceState.QUEUED","logger":"task.stdout"}
{"timestamp":"2026-02-09T20:40:43.970632Z","level":"info","event":"Current task name:download_taxi_data_02","logger":"task.stdout"}
{"timestamp":"2026-02-09T20:40:43.976371Z","level":"info","event":"Dag name:hw3_yellow_taxi_to_gcs","logger":"task.stdout"}
{"timestamp":"2026-02-09T20:40:43.978463Z","level":"info","event":"Downloading https://d37ci6vzurychx.cloudfront.net/trip-data/yellow_tripdata_2024-02.parquet...","logger":"task.stdout"}
{"timestamp":"2026-02-09T20:41:58.370844Z","level":"info","event":"Successfully downloaded to /tmp/yellow_tripdata_2024-02.parquet","logger":"task.stdout"}
{"timestamp":"2026-02-09T20:41:58.486659Z","level":"info","event":"Done. Returned value was: None","logger":"airflow.task.operators.airflow.providers.standard.operators.python.PythonOperator","filename":"python.py","lineno":230}
{"timestamp":"2026-02-09T20:41:58.587809Z","level":"info","event":"Task instance in success state","logger":"task.stdout"}
{"timestamp":"2026-02-09T20:41:58.588634Z","level":"info","event":" Previous state of the Task instance: TaskInstanceState.RUNNING","logger":"task.stdout"}
{"timestamp":"2026-02-09T20:41:58.597696Z","level":"info","event":"Task operator:<Task(PythonOperator): download_taxi_data_02>","logger":"task.stdout"}
