{"timestamp":"2026-02-09T20:44:35.952268Z","level":"info","event":"DAG bundles loaded: dags-folder, example_dags","logger":"airflow.dag_processing.bundles.manager.DagBundlesManager","filename":"manager.py","lineno":179}
{"timestamp":"2026-02-09T20:44:35.960814Z","level":"info","event":"Filling up the DagBag from /opt/airflow/dags/function_dag.py","logger":"airflow.models.dagbag.BundleDagBag","filename":"dagbag.py","lineno":593}
{"timestamp":"2026-02-09T20:45:11.983576Z","level":"error","event":"Process timed out, PID: 214","logger":"airflow.models.dagbag","filename":"dagbag.py","lineno":134}
{"timestamp":"2026-02-09T20:45:12.323859Z","level":"error","event":"Exception ignored in: <function WeakKeyDictionary.__init__.<locals>.remove at 0xffff8af942c0>","logger":"task.stderr"}
{"timestamp":"2026-02-09T20:45:12.329009Z","level":"error","event":"Traceback (most recent call last):","logger":"task.stderr"}
{"timestamp":"2026-02-09T20:45:12.333606Z","level":"error","event":"  File \"/usr/python/lib/python3.12/weakref.py\", line 369, in remove","logger":"task.stderr"}
{"timestamp":"2026-02-09T20:45:12.335777Z","level":"error","event":"    def remove(k, selfref=ref(self)):","logger":"task.stderr"}
{"timestamp":"2026-02-09T20:45:12.343090Z","level":"error","event":"","logger":"task.stderr"}
{"timestamp":"2026-02-09T20:45:12.347932Z","level":"error","event":"  File \"/home/airflow/.local/lib/python3.12/site-packages/airflow/models/dagbag.py\", line 135, in handle_timeout","logger":"task.stderr"}
{"timestamp":"2026-02-09T20:45:12.371725Z","level":"error","event":"    raise AirflowTaskTimeout(error_message)","logger":"task.stderr"}
{"timestamp":"2026-02-09T20:45:12.443960Z","level":"error","event":"airflow.exceptions.AirflowTaskTimeout: DagBag import timeout for /opt/airflow/dags/function_dag.py after 30.0s.","logger":"task.stderr"}
{"timestamp":"2026-02-09T20:45:12.481318Z","level":"error","event":"Please take a look at these docs to improve your DAG import time:","logger":"task.stderr"}
{"timestamp":"2026-02-09T20:45:12.492527Z","level":"error","event":"* https://airflow.apache.org/docs/apache-airflow/3.1.7/best-practices.html#top-level-python-code","logger":"task.stderr"}
{"timestamp":"2026-02-09T20:45:12.492982Z","level":"error","event":"* https://airflow.apache.org/docs/apache-airflow/3.1.7/best-practices.html#reducing-dag-complexity, PID: 214","logger":"task.stderr"}
{"timestamp":"2026-02-09T20:45:14.226854Z","level":"warning","event":"The `airflow.operators.python.PythonOperator` attribute is deprecated. Please use `'airflow.providers.standard.operators.python.PythonOperator'`.","category":"DeprecatedImportWarning","filename":"/opt/airflow/dags/function_dag.py","lineno":5,"logger":"py.warnings"}
{"timestamp":"2026-02-09T20:45:14.292208Z","level":"info","event":"Task instance is in running state","logger":"task.stdout"}
{"timestamp":"2026-02-09T20:45:14.293084Z","level":"info","event":" Previous state of the Task instance: TaskInstanceState.QUEUED","logger":"task.stdout"}
{"timestamp":"2026-02-09T20:45:14.293951Z","level":"info","event":"Current task name:upload_to_gcs_03","logger":"task.stdout"}
{"timestamp":"2026-02-09T20:45:14.294245Z","level":"info","event":"Dag name:hw3_yellow_taxi_to_gcs","logger":"task.stdout"}
{"timestamp":"2026-02-09T20:45:14.538344Z","level":"info","event":"Uploading /tmp/yellow_tripdata_2024-03.parquet to gs://zoomcamp-hw3-bucket/yellow_taxi_2024/yellow_tripdata_2024-03.parquet...","logger":"task.stdout"}
{"timestamp":"2026-02-09T20:56:20.503856Z","level":"info","event":"Upload complete.","logger":"task.stdout"}
{"timestamp":"2026-02-09T20:56:20.539390Z","level":"info","event":"Done. Returned value was: None","logger":"airflow.task.operators.airflow.providers.standard.operators.python.PythonOperator","filename":"python.py","lineno":230}
{"timestamp":"2026-02-09T20:56:20.589690Z","level":"info","event":"Task instance in success state","logger":"task.stdout"}
{"timestamp":"2026-02-09T20:56:20.589887Z","level":"info","event":" Previous state of the Task instance: TaskInstanceState.RUNNING","logger":"task.stdout"}
{"timestamp":"2026-02-09T20:56:20.597198Z","level":"info","event":"Task operator:<Task(PythonOperator): upload_to_gcs_03>","logger":"task.stdout"}
